File is readable
Starting formating data
['530070000', '600195000', '098000060', '800060003', '400803001', '700020006', '060000280', '000419005', '000080079']
Formating done! Number of variables 51
Number index:  0 [5]
Column: 0 Row: 0 Square: 0
Max column: 2 Max row: 2

Number index:  1 [3]
Column: 1 Row: 0 Square: 0
Max column: 2 Max row: 2

Number index:  2 [0]
Column: 2 Row: 0 Square: 0
Max column: 2 Max row: 2
Checking square line 0 square 0
Checking row 0
Checking column 2
Checking square line 0 square 0
Checking row 0
Checking column 2
Checking square line 0 square 0
Checking square line 0 square 0
Checking row 0
Checking column 2
Checking square line 0 square 0
Checking square line 0 square 0
Checking square line 0 square 0
Checking row 0
Checking square line 0 square 0
Checking square line 0 square 0
Possible numbers: [1, 2, 4]

Number index:  3 [6]
Column: 0 Row: 1 Square: 0
Max column: 2 Max row: 2

Number index:  4 [0]
Column: 1 Row: 1 Square: 0
Max column: 2 Max row: 2
Checking square line 0 square 0
Checking row 1
Checking square line 0 square 0
Checking row 1
Checking column 1
Checking square line 0 square 0
Checking square line 0 square 0
Checking row 1
Checking column 1
Checking square line 0 square 0
Checking square line 0 square 0
Checking square line 0 square 0
Checking row 1
Checking column 1
Checking square line 0 square 0
Checking square line 0 square 0
Possible numbers: [2, 4, 7]

Number index:  5 [0]
Column: 2 Row: 1 Square: 0
Max column: 2 Max row: 2
Checking square line 0 square 0
Checking row 1
Checking square line 0 square 0
Checking row 1
Checking column 2
Checking square line 0 square 0
Checking square line 0 square 0
Checking row 1
Checking column 2
Checking square line 0 square 0
Checking square line 0 square 0
Checking square line 0 square 0
Checking row 1
Checking column 2
Checking square line 0 square 0
Checking square line 0 square 0
Possible numbers: [2, 4, 7]

Number index:  6 [0]
Column: 0 Row: 2 Square: 0
Max column: 2 Max row: 2
Checking square line 0 square 0
Checking row 2
Checking column 0
Checking square line 0 square 0
Checking row 2
Checking column 0
Checking square line 0 square 0
Checking square line 0 square 0
Checking row 2
Checking column 0
Checking square line 0 square 0
Checking square line 0 square 0
Checking square line 0 square 0
Checking row 2
Checking column 0
Checking square line 0 square 0
Checking square line 0 square 0
Possible numbers: [1, 2]

Number index:  7 [9]
Column: 1 Row: 2 Square: 0
Max column: 2 Max row: 2

Number index:  8 [8]
Column: 2 Row: 2 Square: 0
Max column: 2 Max row: 2
All possible numbers: [[], [], [1, 2, 4], [], [2, 4, 7], [2, 4, 7], [1, 2], [], []]
Current test possibles: []
Current test possibles: []
Current test possibles: [1, 2, 4]
Current test possibles: []
Current test possibles: [2, 4, 7]
Current test possibles: [2, 4, 7]
Current test possibles: [1, 2]
Current test possibles: []
Current test possibles: []
End index: 9
[[5 3 0]
 [6 0 0]
 [0 9 8]]

Number index:  9 [0]
Column: 3 Row: 0 Square: 1
Max column: 5 Max row: 2
Checking square line 0 square 1
Checking square line 0 square 1
Checking row 0
Checking column 3
Checking square line 0 square 1
Checking row 0
Checking square line 0 square 1
Checking row 0
Checking column 3
Checking square line 0 square 1
Checking square line 0 square 1
Checking row 0
Checking column 3
Checking square line 0 square 1
Checking square line 0 square 1
Checking row 0
Checking column 3
Checking square line 0 square 1
Possible numbers: [2, 6]

Number index:  10 [7]
Column: 4 Row: 0 Square: 1
Max column: 5 Max row: 2

Number index:  11 [0]
Column: 5 Row: 0 Square: 1
Max column: 5 Max row: 2
Checking square line 0 square 1
Checking square line 0 square 1
Checking row 0
Checking column 5
Checking square line 0 square 1
Checking row 0
Checking square line 0 square 1
Checking row 0
Checking column 5
Checking square line 0 square 1
Checking square line 0 square 1
Checking row 0
Checking column 5
Checking square line 0 square 1
Checking square line 0 square 1
Checking row 0
Checking column 5
Checking square line 0 square 1
Possible numbers: [2, 4, 6, 8]

Number index:  12 [1]
Column: 3 Row: 1 Square: 1
Max column: 5 Max row: 2

Number index:  13 [9]
Column: 4 Row: 1 Square: 1
Max column: 5 Max row: 2

Number index:  14 [5]
Column: 5 Row: 1 Square: 1
Max column: 5 Max row: 2

Number index:  15 [0]
Column: 3 Row: 2 Square: 1
Max column: 5 Max row: 2
Checking square line 0 square 1
Checking square line 0 square 1
Checking row 2
Checking column 3
Checking square line 0 square 1
Checking row 2
Checking column 3
Checking square line 0 square 1
Checking row 2
Checking column 3
Checking square line 0 square 1
Checking square line 0 square 1
Checking row 2
Checking square line 0 square 1
Checking square line 0 square 1
Checking row 2
Checking square line 0 square 1
Possible numbers: [2, 3]

Number index:  16 [0]
Column: 4 Row: 2 Square: 1
Max column: 5 Max row: 2
Checking square line 0 square 1
Checking square line 0 square 1
Checking row 2
Checking column 4
Checking square line 0 square 1
Checking row 2
Checking column 4
Checking square line 0 square 1
Checking row 2
Checking column 4
Checking square line 0 square 1
Checking square line 0 square 1
Checking row 2
Checking square line 0 square 1
Checking square line 0 square 1
Checking row 2
Checking square line 0 square 1
Possible numbers: [3, 4]

Number index:  17 [0]
Column: 5 Row: 2 Square: 1
Max column: 5 Max row: 2
Checking square line 0 square 1
Checking square line 0 square 1
Checking row 2
Checking column 5
Checking square line 0 square 1
Checking row 2
Checking column 5
Checking square line 0 square 1
Checking row 2
Checking column 5
Checking square line 0 square 1
Checking square line 0 square 1
Checking row 2
Checking square line 0 square 1
Checking square line 0 square 1
Checking row 2
Checking square line 0 square 1
Possible numbers: [2, 4]
All possible numbers: [[2, 6], [], [2, 4, 6, 8], [], [], [], [2, 3], [3, 4], [2, 4]]
Current test possibles: [2, 6]
Current test possibles: []
Current test possibles: [2, 4, 6, 8]
Set number: 8
Current test possibles: []
Current test possibles: []
Current test possibles: []
Current test possibles: [2, 3]
Current test possibles: [3, 4]
Current test possibles: [2, 4]
End index: 9
[[0 7 8]
 [1 9 5]
 [0 0 0]]

Number index:  18 [0]
Column: 6 Row: 0 Square: 2
Max column: 8 Max row: 2
Checking square line 0 square 2
Checking row 0
Checking column 6
Checking square line 0 square 2
Checking row 0
Checking column 6
Checking square line 0 square 2
Checking row 0
Checking square line 0 square 2
Checking row 0
Checking column 6
Checking square line 0 square 2
Checking row 0
Checking square line 0 square 2
Checking square line 0 square 2
Checking row 0
Checking square line 0 square 2
Checking row 0
Checking square line 0 square 2
Checking row 0
Checking column 6
Possible numbers: [1, 4, 9]

Number index:  19 [0]
Column: 7 Row: 0 Square: 2
Max column: 8 Max row: 2
Checking square line 0 square 2
Checking row 0
Checking column 7
Checking square line 0 square 2
Checking row 0
Checking column 7
Checking square line 0 square 2
Checking row 0
Checking square line 0 square 2
Checking row 0
Checking column 7
Checking square line 0 square 2
Checking row 0
Checking square line 0 square 2
Checking square line 0 square 2
Checking row 0
Checking square line 0 square 2
Checking row 0
Checking square line 0 square 2
Checking row 0
Checking column 7
Possible numbers: [1, 2, 4, 9]

Number index:  20 [0]
Column: 8 Row: 0 Square: 2
Max column: 8 Max row: 2
Checking square line 0 square 2
Checking row 0
Checking column 8
Checking square line 0 square 2
Checking row 0
Checking column 8
Checking square line 0 square 2
Checking row 0
Checking square line 0 square 2
Checking row 0
Checking column 8
Checking square line 0 square 2
Checking row 0
Checking square line 0 square 2
Checking square line 0 square 2
Checking row 0
Checking square line 0 square 2
Checking row 0
Checking square line 0 square 2
Checking row 0
Checking column 8
Possible numbers: [2, 4]

Number index:  21 [0]
Column: 6 Row: 1 Square: 2
Max column: 8 Max row: 2
Checking square line 0 square 2
Checking row 1
Checking square line 0 square 2
Checking row 1
Checking column 6
Checking square line 0 square 2
Checking row 1
Checking column 6
Checking square line 0 square 2
Checking row 1
Checking column 6
Checking square line 0 square 2
Checking row 1
Checking square line 0 square 2
Checking square line 0 square 2
Checking row 1
Checking column 6
Checking square line 0 square 2
Checking row 1
Checking column 6
Checking square line 0 square 2
Checking row 1
Possible numbers: [3, 4, 7, 8]

Number index:  22 [0]
Column: 7 Row: 1 Square: 2
Max column: 8 Max row: 2
Checking square line 0 square 2
Checking row 1
Checking square line 0 square 2
Checking row 1
Checking column 7
Checking square line 0 square 2
Checking row 1
Checking column 7
Checking square line 0 square 2
Checking row 1
Checking column 7
Checking square line 0 square 2
Checking row 1
Checking square line 0 square 2
Checking square line 0 square 2
Checking row 1
Checking column 7
Checking square line 0 square 2
Checking row 1
Checking column 7
Checking square line 0 square 2
Checking row 1
Possible numbers: [2, 3, 4]

Number index:  23 [0]
Column: 8 Row: 1 Square: 2
Max column: 8 Max row: 2
Checking square line 0 square 2
Checking row 1
Checking square line 0 square 2
Checking row 1
Checking column 8
Checking square line 0 square 2
Checking row 1
Checking column 8
Checking square line 0 square 2
Checking row 1
Checking column 8
Checking square line 0 square 2
Checking row 1
Checking square line 0 square 2
Checking square line 0 square 2
Checking row 1
Checking column 8
Checking square line 0 square 2
Checking row 1
Checking column 8
Checking square line 0 square 2
Checking row 1
Possible numbers: [2, 4, 7, 8]

Number index:  24 [0]
Column: 6 Row: 2 Square: 2
Max column: 8 Max row: 2
Checking square line 0 square 2
Checking row 2
Checking column 6
Checking square line 0 square 2
Checking row 2
Checking column 6
Checking square line 0 square 2
Checking row 2
Checking column 6
Checking square line 0 square 2
Checking row 2
Checking column 6
Checking square line 0 square 2
Checking row 2
Checking column 6
Checking square line 0 square 2
Checking square line 0 square 2
Checking row 2
Checking column 6
Checking square line 0 square 2
Checking row 2
Checking square line 0 square 2
Checking row 2
Possible numbers: [1, 3, 4, 5, 7]

Number index:  25 [6]
Column: 7 Row: 2 Square: 2
Max column: 8 Max row: 2

Number index:  26 [0]
Column: 8 Row: 2 Square: 2
Max column: 8 Max row: 2
Checking square line 0 square 2
Checking row 2
Checking column 8
Checking square line 0 square 2
Checking row 2
Checking column 8
Checking square line 0 square 2
Checking row 2
Checking column 8
Checking square line 0 square 2
Checking row 2
Checking column 8
Checking square line 0 square 2
Checking row 2
Checking column 8
Checking square line 0 square 2
Checking square line 0 square 2
Checking row 2
Checking column 8
Checking square line 0 square 2
Checking row 2
Checking square line 0 square 2
Checking row 2
Possible numbers: [2, 4, 7]
All possible numbers: [[1, 4, 9], [1, 2, 4, 9], [2, 4], [3, 4, 7, 8], [2, 3, 4], [2, 4, 7, 8], [1, 3, 4, 5, 7], [], [2, 4, 7]]
Current test possibles: [1, 4, 9]
Current test possibles: [1, 2, 4, 9]
Current test possibles: [2, 4]
Current test possibles: [3, 4, 7, 8]
Current test possibles: [2, 3, 4]
Current test possibles: [2, 4, 7, 8]
Current test possibles: [1, 3, 4, 5, 7]
Set number: 5
Current test possibles: []
Current test possibles: [2, 4, 7]
End index: 9
[[0 0 0]
 [0 0 0]
 [5 6 0]]

Number index:  27 [8]
Column: 0 Row: 3 Square: 3
Max column: 2 Max row: 5

Number index:  28 [0]
Column: 1 Row: 3 Square: 3
Max column: 2 Max row: 5
Checking square line 1 square 0
Checking row 3
Checking column 1
Checking square line 1 square 0
Checking row 3
Checking column 1
Checking square line 1 square 0
Checking row 3
Checking square line 1 square 0
Checking square line 1 square 0
Checking row 3
Checking column 1
Checking square line 1 square 0
Checking row 3
Checking square line 1 square 0
Checking square line 1 square 0
Checking square line 1 square 0
Checking row 3
Checking column 1
Possible numbers: [1, 2, 5]

Number index:  29 [0]
Column: 2 Row: 3 Square: 3
Max column: 2 Max row: 5
Checking square line 1 square 0
Checking row 3
Checking column 2
Checking square line 1 square 0
Checking row 3
Checking column 2
Checking square line 1 square 0
Checking row 3
Checking square line 1 square 0
Checking square line 1 square 0
Checking row 3
Checking column 2
Checking square line 1 square 0
Checking row 3
Checking square line 1 square 0
Checking square line 1 square 0
Checking square line 1 square 0
Checking row 3
Checking column 2
Possible numbers: [1, 2, 5, 9]

Number index:  30 [4]
Column: 0 Row: 4 Square: 3
Max column: 2 Max row: 5

Number index:  31 [0]
Column: 1 Row: 4 Square: 3
Max column: 2 Max row: 5
Checking square line 1 square 0
Checking row 4
Checking square line 1 square 0
Checking row 4
Checking column 1
Checking square line 1 square 0
Checking row 4
Checking square line 1 square 0
Checking square line 1 square 0
Checking row 4
Checking column 1
Checking square line 1 square 0
Checking row 4
Checking column 1
Checking square line 1 square 0
Checking square line 1 square 0
Checking square line 1 square 0
Checking row 4
Checking column 1
Possible numbers: [2, 5]

Number index:  32 [0]
Column: 2 Row: 4 Square: 3
Max column: 2 Max row: 5
Checking square line 1 square 0
Checking row 4
Checking square line 1 square 0
Checking row 4
Checking column 2
Checking square line 1 square 0
Checking row 4
Checking square line 1 square 0
Checking square line 1 square 0
Checking row 4
Checking column 2
Checking square line 1 square 0
Checking row 4
Checking column 2
Checking square line 1 square 0
Checking square line 1 square 0
Checking square line 1 square 0
Checking row 4
Checking column 2
Possible numbers: [2, 5, 6, 9]

Number index:  33 [7]
Column: 0 Row: 5 Square: 3
Max column: 2 Max row: 5

Number index:  34 [0]
Column: 1 Row: 5 Square: 3
Max column: 2 Max row: 5
Checking square line 1 square 0
Checking row 5
Checking column 1
Checking square line 1 square 0
Checking row 5
Checking square line 1 square 0
Checking row 5
Checking column 1
Checking square line 1 square 0
Checking square line 1 square 0
Checking row 5
Checking column 1
Checking square line 1 square 0
Checking row 5
Checking square line 1 square 0
Checking square line 1 square 0
Checking square line 1 square 0
Checking row 5
Checking column 1
Possible numbers: [1, 5]

Number index:  35 [0]
Column: 2 Row: 5 Square: 3
Max column: 2 Max row: 5
Checking square line 1 square 0
Checking row 5
Checking column 2
Checking square line 1 square 0
Checking row 5
Checking square line 1 square 0
Checking row 5
Checking column 2
Checking square line 1 square 0
Checking square line 1 square 0
Checking row 5
Checking column 2
Checking square line 1 square 0
Checking row 5
Checking square line 1 square 0
Checking square line 1 square 0
Checking square line 1 square 0
Checking row 5
Checking column 2
Possible numbers: [1, 3, 5, 9]
All possible numbers: [[], [1, 2, 5], [1, 2, 5, 9], [], [2, 5], [2, 5, 6, 9], [], [1, 5], [1, 3, 5, 9]]
Current test possibles: []
Current test possibles: [1, 2, 5]
Current test possibles: [1, 2, 5, 9]
Current test possibles: []
Current test possibles: [2, 5]
Current test possibles: [2, 5, 6, 9]
Set number: 6
Current test possibles: []
Current test possibles: [1, 5]
Current test possibles: [1, 3, 5, 9]
Set number: 3
End index: 9
[[8 0 0]
 [4 0 6]
 [7 0 3]]

Number index:  36 [0]
Column: 3 Row: 3 Square: 4
Max column: 5 Max row: 5
Checking square line 1 square 1
Checking row 3
Checking column 3
Checking square line 1 square 1
Checking square line 1 square 1
Checking square line 1 square 1
Checking row 3
Checking column 3
Checking square line 1 square 1
Checking row 3
Checking column 3
Checking square line 1 square 1
Checking square line 1 square 1
Checking row 3
Checking column 3
Checking square line 1 square 1
Checking square line 1 square 1
Checking row 3
Checking column 3
Possible numbers: [5, 7, 9]

Number index:  37 [6]
Column: 4 Row: 3 Square: 4
Max column: 5 Max row: 5

Number index:  38 [0]
Column: 5 Row: 3 Square: 4
Max column: 5 Max row: 5
Checking square line 1 square 1
Checking row 3
Checking column 5
Checking square line 1 square 1
Checking square line 1 square 1
Checking square line 1 square 1
Checking row 3
Checking column 5
Checking square line 1 square 1
Checking row 3
Checking column 5
Checking square line 1 square 1
Checking square line 1 square 1
Checking row 3
Checking column 5
Checking square line 1 square 1
Checking square line 1 square 1
Checking row 3
Checking column 5
Possible numbers: [1, 4, 7]

Number index:  39 [8]
Column: 3 Row: 4 Square: 4
Max column: 5 Max row: 5

Number index:  40 [0]
Column: 4 Row: 4 Square: 4
Max column: 5 Max row: 5
Checking square line 1 square 1
Checking row 4
Checking square line 1 square 1
Checking square line 1 square 1
Checking square line 1 square 1
Checking row 4
Checking square line 1 square 1
Checking row 4
Checking column 4
Checking square line 1 square 1
Checking square line 1 square 1
Checking row 4
Checking column 4
Checking square line 1 square 1
Checking square line 1 square 1
Checking row 4
Checking column 4
Possible numbers: [5]

Number index:  41 [3]
Column: 5 Row: 4 Square: 4
Max column: 5 Max row: 5

Number index:  42 [0]
Column: 3 Row: 5 Square: 4
Max column: 5 Max row: 5
Checking square line 1 square 1
Checking row 5
Checking column 3
Checking square line 1 square 1
Checking square line 1 square 1
Checking square line 1 square 1
Checking row 5
Checking column 3
Checking square line 1 square 1
Checking row 5
Checking column 3
Checking square line 1 square 1
Checking square line 1 square 1
Checking row 5
Checking square line 1 square 1
Checking square line 1 square 1
Checking row 5
Checking column 3
Possible numbers: [5, 9]

Number index:  43 [2]
Column: 4 Row: 5 Square: 4
Max column: 5 Max row: 5

Number index:  44 [0]
Column: 5 Row: 5 Square: 4
Max column: 5 Max row: 5
Checking square line 1 square 1
Checking row 5
Checking column 5
Checking square line 1 square 1
Checking square line 1 square 1
Checking square line 1 square 1
Checking row 5
Checking column 5
Checking square line 1 square 1
Checking row 5
Checking column 5
Checking square line 1 square 1
Checking square line 1 square 1
Checking row 5
Checking square line 1 square 1
Checking square line 1 square 1
Checking row 5
Checking column 5
Possible numbers: [1, 4]
All possible numbers: [[5, 7, 9], [], [1, 4, 7], [], [5], [], [5, 9], [], [1, 4]]
Current test possibles: [5, 7, 9]
Current test possibles: []
Current test possibles: [1, 4, 7]
Current test possibles: []
Current test possibles: [5]
Current test possibles: []
Current test possibles: [5, 9]
Current test possibles: []
Current test possibles: [1, 4]
End index: 9
[[0 6 0]
 [8 0 3]
 [0 2 0]]

Number index:  45 [0]
Column: 6 Row: 3 Square: 5
Max column: 8 Max row: 5
Checking square line 1 square 2
Checking square line 1 square 2
Checking row 3
Checking column 6
Checking square line 1 square 2
Checking square line 1 square 2
Checking row 3
Checking column 6
Checking square line 1 square 2
Checking row 3
Checking column 6
Checking square line 1 square 2
Checking square line 1 square 2
Checking row 3
Checking column 6
Checking square line 1 square 2
Checking row 3
Checking square line 1 square 2
Checking row 3
Checking column 6
Possible numbers: [4, 7, 9]

Number index:  46 [0]
Column: 7 Row: 3 Square: 5
Max column: 8 Max row: 5
Checking square line 1 square 2
Checking square line 1 square 2
Checking row 3
Checking column 7
Checking square line 1 square 2
Checking square line 1 square 2
Checking row 3
Checking column 7
Checking square line 1 square 2
Checking row 3
Checking column 7
Checking square line 1 square 2
Checking square line 1 square 2
Checking row 3
Checking column 7
Checking square line 1 square 2
Checking row 3
Checking square line 1 square 2
Checking row 3
Checking column 7
Possible numbers: [2, 4, 5, 9]

Number index:  47 [3]
Column: 8 Row: 3 Square: 5
Max column: 8 Max row: 5

Number index:  48 [0]
Column: 6 Row: 4 Square: 5
Max column: 8 Max row: 5
Checking square line 1 square 2
Checking square line 1 square 2
Checking row 4
Checking column 6
Checking square line 1 square 2
Checking square line 1 square 2
Checking row 4
Checking square line 1 square 2
Checking row 4
Checking column 6
Checking square line 1 square 2
Checking square line 1 square 2
Checking row 4
Checking column 6
Checking square line 1 square 2
Checking row 4
Checking square line 1 square 2
Checking row 4
Checking column 6
Possible numbers: [7, 9]

Number index:  49 [0]
Column: 7 Row: 4 Square: 5
Max column: 8 Max row: 5
Checking square line 1 square 2
Checking square line 1 square 2
Checking row 4
Checking column 7
Checking square line 1 square 2
Checking square line 1 square 2
Checking row 4
Checking square line 1 square 2
Checking row 4
Checking column 7
Checking square line 1 square 2
Checking square line 1 square 2
Checking row 4
Checking column 7
Checking square line 1 square 2
Checking row 4
Checking square line 1 square 2
Checking row 4
Checking column 7
Possible numbers: [2, 5, 9]

Number index:  50 [1]
Column: 8 Row: 4 Square: 5
Max column: 8 Max row: 5

Number index:  51 [0]
Column: 6 Row: 5 Square: 5
Max column: 8 Max row: 5
Checking square line 1 square 2
Checking square line 1 square 2
Checking row 5
Checking square line 1 square 2
Checking square line 1 square 2
Checking row 5
Checking column 6
Checking square line 1 square 2
Checking row 5
Checking column 6
Checking square line 1 square 2
Checking square line 1 square 2
Checking row 5
Checking square line 1 square 2
Checking row 5
Checking column 6
Checking square line 1 square 2
Checking row 5
Checking column 6
Possible numbers: [4, 8, 9]

Number index:  52 [0]
Column: 7 Row: 5 Square: 5
Max column: 8 Max row: 5
Checking square line 1 square 2
Checking square line 1 square 2
Checking row 5
Checking square line 1 square 2
Checking square line 1 square 2
Checking row 5
Checking column 7
Checking square line 1 square 2
Checking row 5
Checking column 7
Checking square line 1 square 2
Checking square line 1 square 2
Checking row 5
Checking square line 1 square 2
Checking row 5
Checking column 7
Checking square line 1 square 2
Checking row 5
Checking column 7
Possible numbers: [4, 5, 9]

Number index:  53 [6]
Column: 8 Row: 5 Square: 5
Max column: 8 Max row: 5
All possible numbers: [[4, 7, 9], [2, 4, 5, 9], [], [7, 9], [2, 5, 9], [], [4, 8, 9], [4, 5, 9], []]
Current test possibles: [4, 7, 9]
Current test possibles: [2, 4, 5, 9]
Current test possibles: []
Current test possibles: [7, 9]
Current test possibles: [2, 5, 9]
Current test possibles: []
Current test possibles: [4, 8, 9]
Set number: 8
Current test possibles: [4, 5, 9]
Current test possibles: []
End index: 9
[[0 0 3]
 [0 0 1]
 [8 0 6]]

Number index:  54 [0]
Column: 0 Row: 6 Square: 6
Max column: 2 Max row: 8
Checking square line 2 square 0
Checking row 6
Checking column 0
Checking square line 2 square 0
Checking row 6
Checking square line 2 square 0
Checking row 6
Checking column 0
Checking square line 2 square 0
Checking row 6
Checking column 0
Checking square line 2 square 0
Checking row 6
Checking column 0
Checking square line 2 square 0
Checking square line 2 square 0
Checking row 6
Checking column 0
Checking square line 2 square 0
Checking row 6
Checking square line 2 square 0
Checking row 6
Checking column 0
Possible numbers: [1, 3, 9]

Number index:  55 [6]
Column: 1 Row: 6 Square: 6
Max column: 2 Max row: 8

Number index:  56 [0]
Column: 2 Row: 6 Square: 6
Max column: 2 Max row: 8
Checking square line 2 square 0
Checking row 6
Checking column 2
Checking square line 2 square 0
Checking row 6
Checking square line 2 square 0
Checking row 6
Checking column 2
Checking square line 2 square 0
Checking row 6
Checking column 2
Checking square line 2 square 0
Checking row 6
Checking column 2
Checking square line 2 square 0
Checking square line 2 square 0
Checking row 6
Checking column 2
Checking square line 2 square 0
Checking row 6
Checking square line 2 square 0
Checking row 6
Checking column 2
Possible numbers: [1, 4, 5, 7, 9]

Number index:  57 [0]
Column: 0 Row: 7 Square: 6
Max column: 2 Max row: 8
Checking square line 2 square 0
Checking row 7
Checking square line 2 square 0
Checking row 7
Checking column 0
Checking square line 2 square 0
Checking row 7
Checking column 0
Checking square line 2 square 0
Checking row 7
Checking square line 2 square 0
Checking row 7
Checking square line 2 square 0
Checking square line 2 square 0
Checking row 7
Checking column 0
Checking square line 2 square 0
Checking row 7
Checking column 0
Checking square line 2 square 0
Checking row 7
Possible numbers: [2, 3]

Number index:  58 [0]
Column: 1 Row: 7 Square: 6
Max column: 2 Max row: 8
Checking square line 2 square 0
Checking row 7
Checking square line 2 square 0
Checking row 7
Checking column 1
Checking square line 2 square 0
Checking row 7
Checking column 1
Checking square line 2 square 0
Checking row 7
Checking square line 2 square 0
Checking row 7
Checking square line 2 square 0
Checking square line 2 square 0
Checking row 7
Checking column 1
Checking square line 2 square 0
Checking row 7
Checking column 1
Checking square line 2 square 0
Checking row 7
Possible numbers: [2, 7, 8]

Number index:  59 [0]
Column: 2 Row: 7 Square: 6
Max column: 2 Max row: 8
Checking square line 2 square 0
Checking row 7
Checking square line 2 square 0
Checking row 7
Checking column 2
Checking square line 2 square 0
Checking row 7
Checking column 2
Checking square line 2 square 0
Checking row 7
Checking square line 2 square 0
Checking row 7
Checking square line 2 square 0
Checking square line 2 square 0
Checking row 7
Checking column 2
Checking square line 2 square 0
Checking row 7
Checking column 2
Checking square line 2 square 0
Checking row 7
Possible numbers: [2, 7]

Number index:  60 [0]
Column: 0 Row: 8 Square: 6
Max column: 2 Max row: 8
Checking square line 2 square 0
Checking row 8
Checking column 0
Checking square line 2 square 0
Checking row 8
Checking column 0
Checking square line 2 square 0
Checking row 8
Checking column 0
Checking square line 2 square 0
Checking row 8
Checking column 0
Checking square line 2 square 0
Checking row 8
Checking column 0
Checking square line 2 square 0
Checking square line 2 square 0
Checking row 8
Checking square line 2 square 0
Checking row 8
Checking square line 2 square 0
Checking row 8
Possible numbers: [1, 2, 3]

Number index:  61 [0]
Column: 1 Row: 8 Square: 6
Max column: 2 Max row: 8
Checking square line 2 square 0
Checking row 8
Checking column 1
Checking square line 2 square 0
Checking row 8
Checking column 1
Checking square line 2 square 0
Checking row 8
Checking column 1
Checking square line 2 square 0
Checking row 8
Checking column 1
Checking square line 2 square 0
Checking row 8
Checking column 1
Checking square line 2 square 0
Checking square line 2 square 0
Checking row 8
Checking square line 2 square 0
Checking row 8
Checking square line 2 square 0
Checking row 8
Possible numbers: [1, 2, 4, 5]

Number index:  62 [0]
Column: 2 Row: 8 Square: 6
Max column: 2 Max row: 8
Checking square line 2 square 0
Checking row 8
Checking column 2
Checking square line 2 square 0
Checking row 8
Checking column 2
Checking square line 2 square 0
Checking row 8
Checking column 2
Checking square line 2 square 0
Checking row 8
Checking column 2
Checking square line 2 square 0
Checking row 8
Checking column 2
Checking square line 2 square 0
Checking square line 2 square 0
Checking row 8
Checking square line 2 square 0
Checking row 8
Checking square line 2 square 0
Checking row 8
Possible numbers: [1, 2, 4, 5]
All possible numbers: [[1, 3, 9], [], [1, 4, 5, 7, 9], [2, 3], [2, 7, 8], [2, 7], [1, 2, 3], [1, 2, 4, 5], [1, 2, 4, 5]]
Current test possibles: [1, 3, 9]
Current test possibles: []
Current test possibles: [1, 4, 5, 7, 9]
Current test possibles: [2, 3]
Current test possibles: [2, 7, 8]
Set number: 8
Current test possibles: [2, 7]
Current test possibles: [1, 2, 3]
Current test possibles: [1, 2, 4, 5]
Current test possibles: [1, 2, 4, 5]
End index: 9
[[0 6 0]
 [0 8 0]
 [0 0 0]]

Number index:  63 [0]
Column: 3 Row: 6 Square: 7
Max column: 5 Max row: 8
Checking square line 2 square 1
Checking square line 2 square 1
Checking row 6
Checking square line 2 square 1
Checking row 6
Checking column 3
Checking square line 2 square 1
Checking square line 2 square 1
Checking row 6
Checking column 3
Checking square line 2 square 1
Checking row 6
Checking square line 2 square 1
Checking row 6
Checking column 3
Checking square line 2 square 1
Checking square line 2 square 1
Possible numbers: [3, 5, 7]

Number index:  64 [0]
Column: 4 Row: 6 Square: 7
Max column: 5 Max row: 8
Checking square line 2 square 1
Checking square line 2 square 1
Checking row 6
Checking square line 2 square 1
Checking row 6
Checking column 4
Checking square line 2 square 1
Checking square line 2 square 1
Checking row 6
Checking column 4
Checking square line 2 square 1
Checking row 6
Checking square line 2 square 1
Checking row 6
Checking column 4
Checking square line 2 square 1
Checking square line 2 square 1
Possible numbers: [3, 5]

Number index:  65 [0]
Column: 5 Row: 6 Square: 7
Max column: 5 Max row: 8
Checking square line 2 square 1
Checking square line 2 square 1
Checking row 6
Checking square line 2 square 1
Checking row 6
Checking column 5
Checking square line 2 square 1
Checking square line 2 square 1
Checking row 6
Checking column 5
Checking square line 2 square 1
Checking row 6
Checking square line 2 square 1
Checking row 6
Checking column 5
Checking square line 2 square 1
Checking square line 2 square 1
Possible numbers: [7]

Number index:  66 [4]
Column: 3 Row: 7 Square: 7
Max column: 5 Max row: 8

Number index:  67 [1]
Column: 4 Row: 7 Square: 7
Max column: 5 Max row: 8

Number index:  68 [9]
Column: 5 Row: 7 Square: 7
Max column: 5 Max row: 8

Number index:  69 [0]
Column: 3 Row: 8 Square: 7
Max column: 5 Max row: 8
Checking square line 2 square 1
Checking square line 2 square 1
Checking row 8
Checking column 3
Checking square line 2 square 1
Checking row 8
Checking column 3
Checking square line 2 square 1
Checking square line 2 square 1
Checking row 8
Checking column 3
Checking square line 2 square 1
Checking row 8
Checking column 3
Checking square line 2 square 1
Checking row 8
Checking square line 2 square 1
Checking square line 2 square 1
Possible numbers: [2, 3, 5, 6]

Number index:  70 [8]
Column: 4 Row: 8 Square: 7
Max column: 5 Max row: 8

Number index:  71 [0]
Column: 5 Row: 8 Square: 7
Max column: 5 Max row: 8
Checking square line 2 square 1
Checking square line 2 square 1
Checking row 8
Checking column 5
Checking square line 2 square 1
Checking row 8
Checking column 5
Checking square line 2 square 1
Checking square line 2 square 1
Checking row 8
Checking column 5
Checking square line 2 square 1
Checking row 8
Checking column 5
Checking square line 2 square 1
Checking row 8
Checking square line 2 square 1
Checking square line 2 square 1
Possible numbers: [2, 6]
All possible numbers: [[3, 5, 7], [3, 5], [7], [], [], [], [2, 3, 5, 6], [], [2, 6]]
Current test possibles: [3, 5, 7]
Current test possibles: [3, 5]
Current test possibles: [7]
Current test possibles: []
Current test possibles: []
Current test possibles: []
Current test possibles: [2, 3, 5, 6]
Current test possibles: []
Current test possibles: [2, 6]
End index: 9
[[0 0 0]
 [4 1 9]
 [0 8 0]]

Number index:  72 [2]
Column: 6 Row: 6 Square: 8
Max column: 8 Max row: 8

Number index:  73 [8]
Column: 7 Row: 6 Square: 8
Max column: 8 Max row: 8

Number index:  74 [0]
Column: 8 Row: 6 Square: 8
Max column: 8 Max row: 8
Checking square line 2 square 2
Checking row 6
Checking column 8
Checking square line 2 square 2
Checking square line 2 square 2
Checking row 6
Checking column 8
Checking square line 2 square 2
Checking row 6
Checking column 8
Checking square line 2 square 2
Checking square line 2 square 2
Checking row 6
Checking square line 2 square 2
Checking square line 2 square 2
Checking square line 2 square 2
Possible numbers: [4]

Number index:  75 [0]
Column: 6 Row: 7 Square: 8
Max column: 8 Max row: 8
Checking square line 2 square 2
Checking row 7
Checking square line 2 square 2
Checking square line 2 square 2
Checking row 7
Checking column 6
Checking square line 2 square 2
Checking row 7
Checking square line 2 square 2
Checking square line 2 square 2
Checking row 7
Checking column 6
Checking square line 2 square 2
Checking square line 2 square 2
Checking square line 2 square 2
Possible numbers: [3, 6]

Number index:  76 [0]
Column: 7 Row: 7 Square: 8
Max column: 8 Max row: 8
Checking square line 2 square 2
Checking row 7
Checking square line 2 square 2
Checking square line 2 square 2
Checking row 7
Checking column 7
Checking square line 2 square 2
Checking row 7
Checking square line 2 square 2
Checking square line 2 square 2
Checking row 7
Checking column 7
Checking square line 2 square 2
Checking square line 2 square 2
Checking square line 2 square 2
Possible numbers: [3]

Number index:  77 [5]
Column: 8 Row: 7 Square: 8
Max column: 8 Max row: 8

Number index:  78 [0]
Column: 6 Row: 8 Square: 8
Max column: 8 Max row: 8
Checking square line 2 square 2
Checking row 8
Checking column 6
Checking square line 2 square 2
Checking square line 2 square 2
Checking row 8
Checking column 6
Checking square line 2 square 2
Checking row 8
Checking column 6
Checking square line 2 square 2
Checking square line 2 square 2
Checking row 8
Checking column 6
Checking square line 2 square 2
Checking square line 2 square 2
Checking square line 2 square 2
Possible numbers: [1, 3, 4, 6]

Number index:  79 [7]
Column: 7 Row: 8 Square: 8
Max column: 8 Max row: 8

Number index:  80 [9]
Column: 8 Row: 8 Square: 8
Max column: 8 Max row: 8
All possible numbers: [[], [], [4], [3, 6], [3], [], [1, 3, 4, 6], [], []]
Current test possibles: []
Current test possibles: []
Current test possibles: [4]
Current test possibles: [3, 6]
Current test possibles: [3]
Current test possibles: []
Current test possibles: [1, 3, 4, 6]
Set number: 1
Current test possibles: []
Current test possibles: []
End index: 9
[[2 8 0]
 [0 0 5]
 [1 7 9]]

Number index:  0 [5]
Column: 0 Row: 0 Square: 0
Max column: 2 Max row: 2

Number index:  1 [3]
Column: 1 Row: 0 Square: 0
Max column: 2 Max row: 2

Number index:  2 [0]
Column: 2 Row: 0 Square: 0
Max column: 2 Max row: 2
Checking square line 0 square 0
Checking row 0
Checking column 2
Checking square line 0 square 0
Checking row 0
Checking column 2
Checking square line 0 square 0
Checking square line 0 square 0
Checking row 0
Checking column 2
Checking square line 0 square 0
Checking square line 0 square 0
Checking square line 0 square 0
Checking row 0
Checking square line 0 square 0
Checking square line 0 square 0
Possible numbers: [1, 2, 4]

Number index:  3 [6]
Column: 0 Row: 1 Square: 0
Max column: 2 Max row: 2

Number index:  4 [0]
Column: 1 Row: 1 Square: 0
Max column: 2 Max row: 2
Checking square line 0 square 0
Checking row 1
Checking square line 0 square 0
Checking row 1
Checking column 1
Checking square line 0 square 0
Checking square line 0 square 0
Checking row 1
Checking column 1
Checking square line 0 square 0
Checking square line 0 square 0
Checking square line 0 square 0
Checking row 1
Checking column 1
Checking square line 0 square 0
Checking square line 0 square 0
Possible numbers: [2, 4, 7]

Number index:  5 [0]
Column: 2 Row: 1 Square: 0
Max column: 2 Max row: 2
Checking square line 0 square 0
Checking row 1
Checking square line 0 square 0
Checking row 1
Checking column 2
Checking square line 0 square 0
Checking square line 0 square 0
Checking row 1
Checking column 2
Checking square line 0 square 0
Checking square line 0 square 0
Checking square line 0 square 0
Checking row 1
Checking column 2
Checking square line 0 square 0
Checking square line 0 square 0
Possible numbers: [2, 4, 7]

Number index:  6 [0]
Column: 0 Row: 2 Square: 0
Max column: 2 Max row: 2
Checking square line 0 square 0
Checking row 2
Checking column 0
Checking square line 0 square 0
Checking row 2
Checking column 0
Checking square line 0 square 0
Checking square line 0 square 0
Checking row 2
Checking column 0
Checking square line 0 square 0
Checking square line 0 square 0
Checking square line 0 square 0
Checking row 2
Checking column 0
Checking square line 0 square 0
Checking square line 0 square 0
Possible numbers: [1, 2]

Number index:  7 [9]
Column: 1 Row: 2 Square: 0
Max column: 2 Max row: 2

Number index:  8 [8]
Column: 2 Row: 2 Square: 0
Max column: 2 Max row: 2
All possible numbers: [[], [], [1, 2, 4], [], [2, 4, 7], [2, 4, 7], [1, 2], [], []]
Current test possibles: []
Current test possibles: []
Current test possibles: [1, 2, 4]
Current test possibles: []
Current test possibles: [2, 4, 7]
Current test possibles: [2, 4, 7]
Current test possibles: [1, 2]
Current test possibles: []
Current test possibles: []
End index: 9
[[5 3 0]
 [6 0 0]
 [0 9 8]]

Number index:  9 [0]
Column: 3 Row: 0 Square: 1
Max column: 5 Max row: 2
Checking square line 0 square 1
Checking square line 0 square 1
Checking row 0
Checking column 3
Checking square line 0 square 1
Checking row 0
Checking square line 0 square 1
Checking row 0
Checking column 3
Checking square line 0 square 1
Checking square line 0 square 1
Checking row 0
Checking column 3
Checking square line 0 square 1
Checking square line 0 square 1
Checking square line 0 square 1
Possible numbers: [2, 6]

Number index:  10 [7]
Column: 4 Row: 0 Square: 1
Max column: 5 Max row: 2

Number index:  11 [8]
Column: 5 Row: 0 Square: 1
Max column: 5 Max row: 2

Number index:  12 [1]
Column: 3 Row: 1 Square: 1
Max column: 5 Max row: 2

Number index:  13 [9]
Column: 4 Row: 1 Square: 1
Max column: 5 Max row: 2

Number index:  14 [5]
Column: 5 Row: 1 Square: 1
Max column: 5 Max row: 2

Number index:  15 [0]
Column: 3 Row: 2 Square: 1
Max column: 5 Max row: 2
Checking square line 0 square 1
Checking square line 0 square 1
Checking row 2
Checking column 3
Checking square line 0 square 1
Checking row 2
Checking column 3
Checking square line 0 square 1
Checking row 2
Checking column 3
Checking square line 0 square 1
Checking square line 0 square 1
Checking row 2
Checking square line 0 square 1
Checking square line 0 square 1
Checking square line 0 square 1
Possible numbers: [2, 3]

Number index:  16 [0]
Column: 4 Row: 2 Square: 1
Max column: 5 Max row: 2
Checking square line 0 square 1
Checking square line 0 square 1
Checking row 2
Checking column 4
Checking square line 0 square 1
Checking row 2
Checking column 4
Checking square line 0 square 1
Checking row 2
Checking column 4
Checking square line 0 square 1
Checking square line 0 square 1
Checking row 2
Checking square line 0 square 1
Checking square line 0 square 1
Checking square line 0 square 1
Possible numbers: [3, 4]

Number index:  17 [0]
Column: 5 Row: 2 Square: 1
Max column: 5 Max row: 2
Checking square line 0 square 1
Checking square line 0 square 1
Checking row 2
Checking column 5
Checking square line 0 square 1
Checking row 2
Checking column 5
Checking square line 0 square 1
Checking row 2
Checking column 5
Checking square line 0 square 1
Checking square line 0 square 1
Checking row 2
Checking square line 0 square 1
Checking square line 0 square 1
Checking square line 0 square 1
Possible numbers: [2, 4]
All possible numbers: [[2, 6], [], [], [], [], [], [2, 3], [3, 4], [2, 4]]
Current test possibles: [2, 6]
Set number: 6
Current test possibles: []
Current test possibles: []
Current test possibles: []
Current test possibles: []
Current test possibles: []
Current test possibles: [2, 3]
Current test possibles: [3, 4]
Current test possibles: [2, 4]
End index: 9
[[6 7 8]
 [1 9 5]
 [0 0 0]]

Number index:  18 [0]
Column: 6 Row: 0 Square: 2
Max column: 8 Max row: 2
Checking square line 0 square 2
Checking row 0
Checking column 6
Checking square line 0 square 2
Checking row 0
Checking column 6
Checking square line 0 square 2
Checking row 0
Checking square line 0 square 2
Checking row 0
Checking column 6
Checking square line 0 square 2
Checking square line 0 square 2
Checking square line 0 square 2
Checking row 0
Checking square line 0 square 2
Checking row 0
Checking square line 0 square 2
Checking row 0
Checking column 6
Possible numbers: [4, 9]

Number index:  19 [0]
Column: 7 Row: 0 Square: 2
Max column: 8 Max row: 2
Checking square line 0 square 2
Checking row 0
Checking column 7
Checking square line 0 square 2
Checking row 0
Checking column 7
Checking square line 0 square 2
Checking row 0
Checking square line 0 square 2
Checking row 0
Checking column 7
Checking square line 0 square 2
Checking square line 0 square 2
Checking square line 0 square 2
Checking row 0
Checking square line 0 square 2
Checking row 0
Checking square line 0 square 2
Checking row 0
Checking column 7
Possible numbers: [1, 2, 4, 9]

Number index:  20 [0]
Column: 8 Row: 0 Square: 2
Max column: 8 Max row: 2
Checking square line 0 square 2
Checking row 0
Checking column 8
Checking square line 0 square 2
Checking row 0
Checking column 8
Checking square line 0 square 2
Checking row 0
Checking square line 0 square 2
Checking row 0
Checking column 8
Checking square line 0 square 2
Checking square line 0 square 2
Checking square line 0 square 2
Checking row 0
Checking square line 0 square 2
Checking row 0
Checking square line 0 square 2
Checking row 0
Checking column 8
Possible numbers: [2, 4]

Number index:  21 [0]
Column: 6 Row: 1 Square: 2
Max column: 8 Max row: 2
Checking square line 0 square 2
Checking row 1
Checking square line 0 square 2
Checking row 1
Checking column 6
Checking square line 0 square 2
Checking row 1
Checking column 6
Checking square line 0 square 2
Checking row 1
Checking column 6
Checking square line 0 square 2
Checking square line 0 square 2
Checking square line 0 square 2
Checking row 1
Checking column 6
Checking square line 0 square 2
Checking row 1
Checking column 6
Checking square line 0 square 2
Checking row 1
Possible numbers: [3, 4, 7]

Number index:  22 [0]
Column: 7 Row: 1 Square: 2
Max column: 8 Max row: 2
Checking square line 0 square 2
Checking row 1
Checking square line 0 square 2
Checking row 1
Checking column 7
Checking square line 0 square 2
Checking row 1
Checking column 7
Checking square line 0 square 2
Checking row 1
Checking column 7
Checking square line 0 square 2
Checking square line 0 square 2
Checking square line 0 square 2
Checking row 1
Checking column 7
Checking square line 0 square 2
Checking row 1
Checking column 7
Checking square line 0 square 2
Checking row 1
Possible numbers: [2, 3, 4]

Number index:  23 [0]
Column: 8 Row: 1 Square: 2
Max column: 8 Max row: 2
Checking square line 0 square 2
Checking row 1
Checking square line 0 square 2
Checking row 1
Checking column 8
Checking square line 0 square 2
Checking row 1
Checking column 8
Checking square line 0 square 2
Checking row 1
Checking column 8
Checking square line 0 square 2
Checking square line 0 square 2
Checking square line 0 square 2
Checking row 1
Checking column 8
Checking square line 0 square 2
Checking row 1
Checking column 8
Checking square line 0 square 2
Checking row 1
Possible numbers: [2, 4, 7, 8]

Number index:  24 [5]
Column: 6 Row: 2 Square: 2
Max column: 8 Max row: 2

Number index:  25 [6]
Column: 7 Row: 2 Square: 2
Max column: 8 Max row: 2

Number index:  26 [0]
Column: 8 Row: 2 Square: 2
Max column: 8 Max row: 2
Checking square line 0 square 2
Checking row 2
Checking column 8
Checking square line 0 square 2
Checking row 2
Checking column 8
Checking square line 0 square 2
Checking row 2
Checking column 8
Checking square line 0 square 2
Checking row 2
Checking column 8
Checking square line 0 square 2
Checking square line 0 square 2
Checking square line 0 square 2
Checking row 2
Checking column 8
Checking square line 0 square 2
Checking row 2
Checking square line 0 square 2
Checking row 2
Possible numbers: [2, 4, 7]
All possible numbers: [[4, 9], [1, 2, 4, 9], [2, 4], [3, 4, 7], [2, 3, 4], [2, 4, 7, 8], [], [], [2, 4, 7]]
Current test possibles: [4, 9]
Current test possibles: [1, 2, 4, 9]
Set number: 1
Current test possibles: [2, 4]
Current test possibles: [3, 4, 7]
Current test possibles: [2, 3, 4]
Current test possibles: [2, 4, 7, 8]
Set number: 8
Current test possibles: []
Current test possibles: []
Current test possibles: [2, 4, 7]
End index: 9
[[0 1 0]
 [0 0 8]
 [5 6 0]]

Number index:  27 [8]
Column: 0 Row: 3 Square: 3
Max column: 2 Max row: 5

Number index:  28 [0]
Column: 1 Row: 3 Square: 3
Max column: 2 Max row: 5
Checking square line 1 square 0
Checking row 3
Checking column 1
Checking square line 1 square 0
Checking row 3
Checking column 1
Checking square line 1 square 0
Checking square line 1 square 0
Checking square line 1 square 0
Checking row 3
Checking column 1
Checking square line 1 square 0
Checking square line 1 square 0
Checking square line 1 square 0
Checking square line 1 square 0
Checking row 3
Checking column 1
Possible numbers: [1, 2, 5]

Number index:  29 [0]
Column: 2 Row: 3 Square: 3
Max column: 2 Max row: 5
Checking square line 1 square 0
Checking row 3
Checking column 2
Checking square line 1 square 0
Checking row 3
Checking column 2
Checking square line 1 square 0
Checking square line 1 square 0
Checking square line 1 square 0
Checking row 3
Checking column 2
Checking square line 1 square 0
Checking square line 1 square 0
Checking square line 1 square 0
Checking square line 1 square 0
Checking row 3
Checking column 2
Possible numbers: [1, 2, 5, 9]

Number index:  30 [4]
Column: 0 Row: 4 Square: 3
Max column: 2 Max row: 5

Number index:  31 [0]
Column: 1 Row: 4 Square: 3
Max column: 2 Max row: 5
Checking square line 1 square 0
Checking row 4
Checking square line 1 square 0
Checking row 4
Checking column 1
Checking square line 1 square 0
Checking square line 1 square 0
Checking square line 1 square 0
Checking row 4
Checking column 1
Checking square line 1 square 0
Checking square line 1 square 0
Checking square line 1 square 0
Checking square line 1 square 0
Checking row 4
Checking column 1
Possible numbers: [2, 5]

Number index:  32 [6]
Column: 2 Row: 4 Square: 3
Max column: 2 Max row: 5

Number index:  33 [7]
Column: 0 Row: 5 Square: 3
Max column: 2 Max row: 5

Number index:  34 [0]
Column: 1 Row: 5 Square: 3
Max column: 2 Max row: 5
Checking square line 1 square 0
Checking row 5
Checking column 1
Checking square line 1 square 0
Checking row 5
Checking square line 1 square 0
Checking square line 1 square 0
Checking square line 1 square 0
Checking row 5
Checking column 1
Checking square line 1 square 0
Checking square line 1 square 0
Checking square line 1 square 0
Checking square line 1 square 0
Checking row 5
Checking column 1
Possible numbers: [1, 5]

Number index:  35 [3]
Column: 2 Row: 5 Square: 3
Max column: 2 Max row: 5
All possible numbers: [[], [1, 2, 5], [1, 2, 5, 9], [], [2, 5], [], [], [1, 5], []]
Current test possibles: []
Current test possibles: [1, 2, 5]
Current test possibles: [1, 2, 5, 9]
Set number: 9
Current test possibles: []
Current test possibles: [2, 5]
Current test possibles: []
Current test possibles: []
Current test possibles: [1, 5]
Current test possibles: []
End index: 9
[[8 0 9]
 [4 0 6]
 [7 0 3]]

Number index:  36 [0]
Column: 3 Row: 3 Square: 4
Max column: 5 Max row: 5
Checking square line 1 square 1
Checking row 3
Checking column 3
Checking square line 1 square 1
Checking square line 1 square 1
Checking square line 1 square 1
Checking row 3
Checking column 3
Checking square line 1 square 1
Checking row 3
Checking column 3
Checking square line 1 square 1
Checking square line 1 square 1
Checking row 3
Checking column 3
Checking square line 1 square 1
Checking square line 1 square 1
Checking row 3
Possible numbers: [5, 7]

Number index:  37 [6]
Column: 4 Row: 3 Square: 4
Max column: 5 Max row: 5

Number index:  38 [0]
Column: 5 Row: 3 Square: 4
Max column: 5 Max row: 5
Checking square line 1 square 1
Checking row 3
Checking column 5
Checking square line 1 square 1
Checking square line 1 square 1
Checking square line 1 square 1
Checking row 3
Checking column 5
Checking square line 1 square 1
Checking row 3
Checking column 5
Checking square line 1 square 1
Checking square line 1 square 1
Checking row 3
Checking column 5
Checking square line 1 square 1
Checking square line 1 square 1
Checking row 3
Possible numbers: [1, 4, 7]

Number index:  39 [8]
Column: 3 Row: 4 Square: 4
Max column: 5 Max row: 5

Number index:  40 [0]
Column: 4 Row: 4 Square: 4
Max column: 5 Max row: 5
Checking square line 1 square 1
Checking row 4
Checking square line 1 square 1
Checking square line 1 square 1
Checking square line 1 square 1
Checking row 4
Checking square line 1 square 1
Checking row 4
Checking column 4
Checking square line 1 square 1
Checking square line 1 square 1
Checking row 4
Checking column 4
Checking square line 1 square 1
Checking square line 1 square 1
Checking row 4
Checking column 4
Possible numbers: [5]

Number index:  41 [3]
Column: 5 Row: 4 Square: 4
Max column: 5 Max row: 5

Number index:  42 [0]
Column: 3 Row: 5 Square: 4
Max column: 5 Max row: 5
Checking square line 1 square 1
Checking row 5
Checking column 3
Checking square line 1 square 1
Checking square line 1 square 1
Checking square line 1 square 1
Checking row 5
Checking column 3
Checking square line 1 square 1
Checking row 5
Checking column 3
Checking square line 1 square 1
Checking square line 1 square 1
Checking row 5
Checking square line 1 square 1
Checking square line 1 square 1
Checking row 5
Checking column 3
Possible numbers: [5, 9]

Number index:  43 [2]
Column: 4 Row: 5 Square: 4
Max column: 5 Max row: 5

Number index:  44 [0]
Column: 5 Row: 5 Square: 4
Max column: 5 Max row: 5
Checking square line 1 square 1
Checking row 5
Checking column 5
Checking square line 1 square 1
Checking square line 1 square 1
Checking square line 1 square 1
Checking row 5
Checking column 5
Checking square line 1 square 1
Checking row 5
Checking column 5
Checking square line 1 square 1
Checking square line 1 square 1
Checking row 5
Checking square line 1 square 1
Checking square line 1 square 1
Checking row 5
Checking column 5
Possible numbers: [1, 4]
All possible numbers: [[5, 7], [], [1, 4, 7], [], [5], [], [5, 9], [], [1, 4]]
Current test possibles: [5, 7]
Current test possibles: []
Current test possibles: [1, 4, 7]
Current test possibles: []
Current test possibles: [5]
Current test possibles: []
Current test possibles: [5, 9]
Set number: 9
Current test possibles: []
Current test possibles: [1, 4]
End index: 9
[[0 6 0]
 [8 0 3]
 [9 2 0]]

Number index:  45 [0]
Column: 6 Row: 3 Square: 5
Max column: 8 Max row: 5
Checking square line 1 square 2
Checking square line 1 square 2
Checking row 3
Checking column 6
Checking square line 1 square 2
Checking square line 1 square 2
Checking row 3
Checking column 6
Checking square line 1 square 2
Checking row 3
Checking column 6
Checking square line 1 square 2
Checking square line 1 square 2
Checking row 3
Checking column 6
Checking square line 1 square 2
Checking square line 1 square 2
Checking row 3
Possible numbers: [4, 7]

Number index:  46 [0]
Column: 7 Row: 3 Square: 5
Max column: 8 Max row: 5
Checking square line 1 square 2
Checking square line 1 square 2
Checking row 3
Checking column 7
Checking square line 1 square 2
Checking square line 1 square 2
Checking row 3
Checking column 7
Checking square line 1 square 2
Checking row 3
Checking column 7
Checking square line 1 square 2
Checking square line 1 square 2
Checking row 3
Checking column 7
Checking square line 1 square 2
Checking square line 1 square 2
Checking row 3
Possible numbers: [2, 4, 5]

Number index:  47 [3]
Column: 8 Row: 3 Square: 5
Max column: 8 Max row: 5

Number index:  48 [0]
Column: 6 Row: 4 Square: 5
Max column: 8 Max row: 5
Checking square line 1 square 2
Checking square line 1 square 2
Checking row 4
Checking column 6
Checking square line 1 square 2
Checking square line 1 square 2
Checking row 4
Checking square line 1 square 2
Checking row 4
Checking column 6
Checking square line 1 square 2
Checking square line 1 square 2
Checking row 4
Checking column 6
Checking square line 1 square 2
Checking square line 1 square 2
Checking row 4
Checking column 6
Possible numbers: [7, 9]

Number index:  49 [0]
Column: 7 Row: 4 Square: 5
Max column: 8 Max row: 5
Checking square line 1 square 2
Checking square line 1 square 2
Checking row 4
Checking column 7
Checking square line 1 square 2
Checking square line 1 square 2
Checking row 4
Checking square line 1 square 2
Checking row 4
Checking column 7
Checking square line 1 square 2
Checking square line 1 square 2
Checking row 4
Checking column 7
Checking square line 1 square 2
Checking square line 1 square 2
Checking row 4
Checking column 7
Possible numbers: [2, 5, 9]

Number index:  50 [1]
Column: 8 Row: 4 Square: 5
Max column: 8 Max row: 5

Number index:  51 [8]
Column: 6 Row: 5 Square: 5
Max column: 8 Max row: 5

Number index:  52 [0]
Column: 7 Row: 5 Square: 5
Max column: 8 Max row: 5
Checking square line 1 square 2
Checking square line 1 square 2
Checking row 5
Checking square line 1 square 2
Checking square line 1 square 2
Checking row 5
Checking column 7
Checking square line 1 square 2
Checking row 5
Checking column 7
Checking square line 1 square 2
Checking square line 1 square 2
Checking row 5
Checking square line 1 square 2
Checking square line 1 square 2
Checking row 5
Possible numbers: [4, 5]

Number index:  53 [6]
Column: 8 Row: 5 Square: 5
Max column: 8 Max row: 5
All possible numbers: [[4, 7], [2, 4, 5], [], [7, 9], [2, 5, 9], [], [], [4, 5], []]
Current test possibles: [4, 7]
Current test possibles: [2, 4, 5]
Current test possibles: []
Current test possibles: [7, 9]
Current test possibles: [2, 5, 9]
Current test possibles: []
Current test possibles: []
Current test possibles: [4, 5]
Current test possibles: []
End index: 9
[[0 0 3]
 [0 0 1]
 [8 0 6]]

Number index:  54 [0]
Column: 0 Row: 6 Square: 6
Max column: 2 Max row: 8
Checking square line 2 square 0
Checking row 6
Checking column 0
Checking square line 2 square 0
Checking row 6
Checking square line 2 square 0
Checking row 6
Checking column 0
Checking square line 2 square 0
Checking row 6
Checking column 0
Checking square line 2 square 0
Checking row 6
Checking column 0
Checking square line 2 square 0
Checking square line 2 square 0
Checking row 6
Checking column 0
Checking square line 2 square 0
Checking square line 2 square 0
Checking row 6
Checking column 0
Possible numbers: [1, 3, 9]

Number index:  55 [6]
Column: 1 Row: 6 Square: 6
Max column: 2 Max row: 8

Number index:  56 [0]
Column: 2 Row: 6 Square: 6
Max column: 2 Max row: 8
Checking square line 2 square 0
Checking row 6
Checking column 2
Checking square line 2 square 0
Checking row 6
Checking square line 2 square 0
Checking row 6
Checking column 2
Checking square line 2 square 0
Checking row 6
Checking column 2
Checking square line 2 square 0
Checking row 6
Checking column 2
Checking square line 2 square 0
Checking square line 2 square 0
Checking row 6
Checking column 2
Checking square line 2 square 0
Checking square line 2 square 0
Checking row 6
Checking column 2
Possible numbers: [1, 4, 5, 7]

Number index:  57 [0]
Column: 0 Row: 7 Square: 6
Max column: 2 Max row: 8
Checking square line 2 square 0
Checking row 7
Checking square line 2 square 0
Checking row 7
Checking column 0
Checking square line 2 square 0
Checking row 7
Checking column 0
Checking square line 2 square 0
Checking row 7
Checking square line 2 square 0
Checking row 7
Checking square line 2 square 0
Checking square line 2 square 0
Checking row 7
Checking column 0
Checking square line 2 square 0
Checking square line 2 square 0
Checking row 7
Possible numbers: [2, 3]

Number index:  58 [8]
Column: 1 Row: 7 Square: 6
Max column: 2 Max row: 8

Number index:  59 [0]
Column: 2 Row: 7 Square: 6
Max column: 2 Max row: 8
Checking square line 2 square 0
Checking row 7
Checking square line 2 square 0
Checking row 7
Checking column 2
Checking square line 2 square 0
Checking row 7
Checking column 2
Checking square line 2 square 0
Checking row 7
Checking square line 2 square 0
Checking row 7
Checking square line 2 square 0
Checking square line 2 square 0
Checking row 7
Checking column 2
Checking square line 2 square 0
Checking square line 2 square 0
Checking row 7
Possible numbers: [2, 7]

Number index:  60 [0]
Column: 0 Row: 8 Square: 6
Max column: 2 Max row: 8
Checking square line 2 square 0
Checking row 8
Checking square line 2 square 0
Checking row 8
Checking column 0
Checking square line 2 square 0
Checking row 8
Checking column 0
Checking square line 2 square 0
Checking row 8
Checking column 0
Checking square line 2 square 0
Checking row 8
Checking column 0
Checking square line 2 square 0
Checking square line 2 square 0
Checking row 8
Checking square line 2 square 0
Checking square line 2 square 0
Checking row 8
Possible numbers: [2, 3]

Number index:  61 [0]
Column: 1 Row: 8 Square: 6
Max column: 2 Max row: 8
Checking square line 2 square 0
Checking row 8
Checking square line 2 square 0
Checking row 8
Checking column 1
Checking square line 2 square 0
Checking row 8
Checking column 1
Checking square line 2 square 0
Checking row 8
Checking column 1
Checking square line 2 square 0
Checking row 8
Checking column 1
Checking square line 2 square 0
Checking square line 2 square 0
Checking row 8
Checking square line 2 square 0
Checking square line 2 square 0
Checking row 8
Possible numbers: [2, 4, 5]

Number index:  62 [0]
Column: 2 Row: 8 Square: 6
Max column: 2 Max row: 8
Checking square line 2 square 0
Checking row 8
Checking square line 2 square 0
Checking row 8
Checking column 2
Checking square line 2 square 0
Checking row 8
Checking column 2
Checking square line 2 square 0
Checking row 8
Checking column 2
Checking square line 2 square 0
Checking row 8
Checking column 2
Checking square line 2 square 0
Checking square line 2 square 0
Checking row 8
Checking square line 2 square 0
Checking square line 2 square 0
Checking row 8
Possible numbers: [2, 4, 5]
All possible numbers: [[1, 3, 9], [], [1, 4, 5, 7], [2, 3], [], [2, 7], [2, 3], [2, 4, 5], [2, 4, 5]]
Current test possibles: [1, 3, 9]
Set number: 9
Current test possibles: []
Current test possibles: [1, 4, 5, 7]
Current test possibles: [2, 3]
Current test possibles: []
Current test possibles: [2, 7]
Current test possibles: [2, 3]
Current test possibles: [2, 4, 5]
Current test possibles: [2, 4, 5]
End index: 9
[[9 6 0]
 [0 8 0]
 [0 0 0]]

Number index:  63 [0]
Column: 3 Row: 6 Square: 7
Max column: 5 Max row: 8
Checking square line 2 square 1
Checking square line 2 square 1
Checking row 6
Checking square line 2 square 1
Checking row 6
Checking column 3
Checking square line 2 square 1
Checking square line 2 square 1
Checking row 6
Checking column 3
Checking square line 2 square 1
Checking row 6
Checking square line 2 square 1
Checking row 6
Checking column 3
Checking square line 2 square 1
Checking square line 2 square 1
Possible numbers: [3, 5, 7]

Number index:  64 [0]
Column: 4 Row: 6 Square: 7
Max column: 5 Max row: 8
Checking square line 2 square 1
Checking square line 2 square 1
Checking row 6
Checking square line 2 square 1
Checking row 6
Checking column 4
Checking square line 2 square 1
Checking square line 2 square 1
Checking row 6
Checking column 4
Checking square line 2 square 1
Checking row 6
Checking square line 2 square 1
Checking row 6
Checking column 4
Checking square line 2 square 1
Checking square line 2 square 1
Possible numbers: [3, 5]

Number index:  65 [0]
Column: 5 Row: 6 Square: 7
Max column: 5 Max row: 8
Checking square line 2 square 1
Checking square line 2 square 1
Checking row 6
Checking square line 2 square 1
Checking row 6
Checking column 5
Checking square line 2 square 1
Checking square line 2 square 1
Checking row 6
Checking column 5
Checking square line 2 square 1
Checking row 6
Checking square line 2 square 1
Checking row 6
Checking column 5
Checking square line 2 square 1
Checking square line 2 square 1
Possible numbers: [7]

Number index:  66 [4]
Column: 3 Row: 7 Square: 7
Max column: 5 Max row: 8

Number index:  67 [1]
Column: 4 Row: 7 Square: 7
Max column: 5 Max row: 8

Number index:  68 [9]
Column: 5 Row: 7 Square: 7
Max column: 5 Max row: 8

Number index:  69 [0]
Column: 3 Row: 8 Square: 7
Max column: 5 Max row: 8
Checking square line 2 square 1
Checking square line 2 square 1
Checking row 8
Checking column 3
Checking square line 2 square 1
Checking row 8
Checking column 3
Checking square line 2 square 1
Checking square line 2 square 1
Checking row 8
Checking column 3
Checking square line 2 square 1
Checking row 8
Checking column 3
Checking square line 2 square 1
Checking row 8
Checking square line 2 square 1
Checking square line 2 square 1
Possible numbers: [2, 3, 5]

Number index:  70 [8]
Column: 4 Row: 8 Square: 7
Max column: 5 Max row: 8

Number index:  71 [0]
Column: 5 Row: 8 Square: 7
Max column: 5 Max row: 8
Checking square line 2 square 1
Checking square line 2 square 1
Checking row 8
Checking column 5
Checking square line 2 square 1
Checking row 8
Checking column 5
Checking square line 2 square 1
Checking square line 2 square 1
Checking row 8
Checking column 5
Checking square line 2 square 1
Checking row 8
Checking column 5
Checking square line 2 square 1
Checking row 8
Checking square line 2 square 1
Checking square line 2 square 1
Possible numbers: [2, 6]
All possible numbers: [[3, 5, 7], [3, 5], [7], [], [], [], [2, 3, 5], [], [2, 6]]
Current test possibles: [3, 5, 7]
Current test possibles: [3, 5]
Current test possibles: [7]
Current test possibles: []
Current test possibles: []
Current test possibles: []
Current test possibles: [2, 3, 5]
Current test possibles: []
Current test possibles: [2, 6]
Set number: 6
End index: 9
[[0 0 0]
 [4 1 9]
 [0 8 6]]

Number index:  72 [2]
Column: 6 Row: 6 Square: 8
Max column: 8 Max row: 8

Number index:  73 [8]
Column: 7 Row: 6 Square: 8
Max column: 8 Max row: 8

Number index:  74 [0]
Column: 8 Row: 6 Square: 8
Max column: 8 Max row: 8
Checking square line 2 square 2
Checking square line 2 square 2
Checking square line 2 square 2
Checking row 6
Checking column 8
Checking square line 2 square 2
Checking row 6
Checking column 8
Checking square line 2 square 2
Checking square line 2 square 2
Checking row 6
Checking square line 2 square 2
Checking square line 2 square 2
Checking square line 2 square 2
Possible numbers: [4]

Number index:  75 [0]
Column: 6 Row: 7 Square: 8
Max column: 8 Max row: 8
Checking square line 2 square 2
Checking square line 2 square 2
Checking square line 2 square 2
Checking row 7
Checking column 6
Checking square line 2 square 2
Checking row 7
Checking square line 2 square 2
Checking square line 2 square 2
Checking row 7
Checking column 6
Checking square line 2 square 2
Checking square line 2 square 2
Checking square line 2 square 2
Possible numbers: [3, 6]

Number index:  76 [0]
Column: 7 Row: 7 Square: 8
Max column: 8 Max row: 8
Checking square line 2 square 2
Checking square line 2 square 2
Checking square line 2 square 2
Checking row 7
Checking column 7
Checking square line 2 square 2
Checking row 7
Checking square line 2 square 2
Checking square line 2 square 2
Checking row 7
Checking column 7
Checking square line 2 square 2
Checking square line 2 square 2
Checking square line 2 square 2
Possible numbers: [3]

Number index:  77 [5]
Column: 8 Row: 7 Square: 8
Max column: 8 Max row: 8

Number index:  78 [1]
Column: 6 Row: 8 Square: 8
Max column: 8 Max row: 8

Number index:  79 [7]
Column: 7 Row: 8 Square: 8
Max column: 8 Max row: 8

Number index:  80 [9]
Column: 8 Row: 8 Square: 8
Max column: 8 Max row: 8
All possible numbers: [[], [], [4], [3, 6], [3], [], [], [], []]
Current test possibles: []
Current test possibles: []
Current test possibles: [4]
Set number: 4
Current test possibles: [3, 6]
Set number: 6
Current test possibles: [3]
Current test possibles: []
Current test possibles: []
Current test possibles: []
Current test possibles: []
End index: 9
[[2 8 4]
 [6 0 5]
 [1 7 9]]

[[[[5 3 0]
   [6 0 0]
   [0 9 8]]

  [[6 7 8]
   [1 9 5]
   [0 0 0]]

  [[0 1 0]
   [0 0 8]
   [5 6 0]]]


 [[[8 0 9]
   [4 0 6]
   [7 0 3]]

  [[0 6 0]
   [8 0 3]
   [9 2 0]]

  [[0 0 3]
   [0 0 1]
   [8 0 6]]]


 [[[9 6 0]
   [0 8 0]
   [0 0 0]]

  [[0 0 0]
   [4 1 9]
   [0 8 6]]

  [[2 8 4]
   [6 0 5]
   [1 7 9]]]]
